20231011	20:57:33	f1ed69b3-17d7-4f15-94c4-6e9967bd92d3	GET	undefined	/
20231011	20:57:33	e061c587-d65e-4fc7-adad-4a2529b4643e	GET	undefined	/css/style.css
20231011	20:57:52	396ba66b-5e09-43e4-a2d7-d8c42af6ef26	GET	undefined	/
20231011	20:57:52	6c44451a-9322-49ea-b511-a9e96c98814e	GET	undefined	/css/style.css
20231011	20:57:52	a5d504a1-00ba-43cd-9cca-0dad6497b551	GET	undefined	/
20231011	20:57:52	7b3ae5c0-6180-4a22-89f9-69b57fed7e36	GET	undefined	/css/style.css
20231011	20:57:52	173265cb-d01d-4603-943a-2e1355b1bd8c	GET	undefined	/
20231011	20:57:52	a3365b18-906a-4cc9-ae98-06fcdbfc11ad	GET	undefined	/css/style.css
20231011	21:01:10	0ce8ed83-730a-4e39-a85b-dabd61d545d8	GET	undefined	/
20231011	21:01:10	3f91bc4b-42d8-414d-a281-2580bef21548	GET	undefined	/css/style.css
20231011	21:01:15	81dde7ee-cbe3-453a-a0eb-e6fe070a44f0	GET	undefined	/
20231011	21:01:15	84d25cf9-91a7-4236-8bfc-286af868552e	GET	undefined	/css/style.css
20231011	21:03:35	3b345f47-8a91-4721-a9e4-5e5c7bd4d227	OPTIONS	https://www.google.com.ua	/
20231011	21:03:35	172a2168-8d7c-4ccc-b067-a2bc1fbb147e	GET	https://www.google.com.ua	/
20231011	21:07:04	9f06352a-ce17-464f-bdae-694c8bf94937	OPTIONS	https://www.google.com.ua	/
20231011	21:07:04	f018ca96-394f-4bcd-a3c9-44f94111365c	GET	https://www.google.com.ua	/
20231011	21:12:11	c3e54912-20e0-4240-a3ba-108314c86ac8	OPTIONS	https://www.google.com.ua	/
20231011	21:12:11	e78edd75-c7a5-44bd-ba99-ad078dcee143	GET	https://www.google.com.ua	/
20231011	21:12:20	faab6dc9-69a1-4ff8-b8cd-894997b69f79	OPTIONS	https://www.google.com.ua	/
20231011	21:12:20	3464f9ac-bad1-4d66-9484-8defa3e5074c	GET	https://www.google.com.ua	/
20231011	21:15:03	a65ed737-b9e1-48b3-ba23-985203bb0236	OPTIONS	https://www.google.com.ua	/
20231011	21:15:03	8d147339-5535-425f-896a-93dbb7142848	GET	https://www.google.com.ua	/
20231011	21:15:11	3a09d47a-2eb1-448e-93c1-eb0c2b233c61	OPTIONS	https://www.google.com.ua	/
20231011	21:15:11	85f0230e-d84b-416e-84b7-f81a8c143b78	GET	https://www.google.com.ua	/
20231011	21:18:15	f76a8bea-a35f-4591-9371-a4edc1cebacc	GET	undefined	/
20231011	21:22:28	4182be29-92d4-45a9-b642-298543ff0569	GET	undefined	/
20231011	21:22:28	a34dafd6-ebe6-4453-81e2-aee8e62dda57	GET	undefined	/css/style.css
20231011	21:27:11	aa957bc7-a6b9-41be-95a4-43d9bfd0116e	GET	undefined	/
20231011	21:28:51	4c71ef96-063d-46e1-a0a6-2f24e46990ea	GET	undefined	/
20231011	21:28:51	0437702b-e056-4cbc-866c-6eb13dc6a6c2	undefined is not allowed by CORS
20231011	21:29:24	9356ea40-5539-4b6c-a257-397f6e3f1d80	GET	undefined	/
20231011	21:29:24	87c2be2c-89a5-433c-98a7-8cefe0524ba7	undefined is not allowed by CORS
20231011	21:33:18	39c5fcdc-cc81-4c3d-ac65-7f19d787784e	GET	undefined	/misha
20231011	21:33:18	b9051926-02d4-4640-ad47-6b96b01135d0	undefined is not allowed by CORS
20231011	21:33:29	cd5bad17-2c06-4692-9945-8917c0513783	GET	undefined	/misha
20231011	21:33:29	30a784f9-4abd-4f8a-a1e3-36b29c6ef444	GET	undefined	/css/style.css
20231011	21:38:37	32cb1988-a6d2-4ca9-b3af-f00a9923daf7	GET	undefined	/misha
20231011	21:38:37	de0f31ae-5125-4535-b2d7-4d6bf3543d7a	GET	undefined	/css/style.css
20231011	21:38:44	2a709b46-f902-4a68-8ec5-023ccfd0cc7f	GET	undefined	/misha.json
20231011	21:38:44	108fe4cc-4a13-471b-b767-209c2d1608f3	GET	undefined	/css/style.css
20231011	21:41:16	7575349c-6eb4-4829-9883-654d2d496858	GET	undefined	/misha.json
20231011	21:41:51	f70360fd-1c7d-400c-be1f-51725499ca2a	GET	undefined	/misha.json
20231011	21:43:20	46066f83-c2c5-4ed9-a560-9192b39d604b	GET	undefined	/misha.json
20231011	21:43:49	9d2b4d7c-7bb9-4dc3-ab0d-1d0001d47d6f	GET	undefined	/misha.html
20231011	21:43:53	e4042bcc-6d8d-465c-bb34-eb891f061765	GET	undefined	/misha.json
20231011	21:44:21	577635a1-0f98-4995-ba41-e832ab26a5fe	GET	undefined	/misha.json
20231011	21:44:44	8ced7ca5-8b78-4478-910b-e3e881df84ae	GET	undefined	/misha.json
20231011	21:44:49	97b761f1-0ebb-436f-b1e4-67aa7800e7be	GET	undefined	/misha.json
20231011	21:44:59	b5d4356f-df5f-4d94-b583-8c7db1b09090	GET	undefined	/misha.json
20231011	21:45:05	63d3d7d2-695b-432b-8630-853396ca0750	GET	undefined	/misha.json
20231011	21:45:37	8a03f7d9-9249-4c85-b59f-2f00a45fbea3	GET	undefined	/misha.json
20231011	21:45:47	5b37140a-97a0-4f5d-8fd2-253bb3053f61	GET	undefined	/misha
20231011	21:45:56	974369f5-37fb-4361-ac81-c7e9975d30d3	GET	undefined	/misha
20231011	21:47:20	d41803ce-573f-4caa-88fa-ceeb8683cbd1	GET	undefined	/misha
20231011	21:47:28	d57c114f-7ba2-4ae4-a980-5e7e66ac9ba7	GET	undefined	/misha
20231011	21:47:56	ed4acf17-9f33-49f1-a62a-a94523861b48	GET	undefined	/misha
20231011	21:48:25	291458a1-6c05-4fe7-9008-eb8b4f85aeac	GET	undefined	/misha
20231011	21:50:58	b1944099-6250-42c5-88c4-81dcd6bc86f9	GET	undefined	/misha
20231011	21:51:05	2b95c3b4-e6e7-45e7-9c0f-8cd03837f621	GET	undefined	/misha
20231011	21:51:15	677b3ab8-a045-48ed-9c20-00d0d2d88413	GET	undefined	/misha
20231017	19:31:30	892e4528-a214-4ed6-853e-520d61553195	GET	undefined	/css/style.css
20231017	19:31:30	f517ed93-c0d8-496d-8068-93d772dcc17e	GET	undefined	/favicon.ico
20231017	19:40:19	c93d463a-af32-41af-afdf-d2f57b31aae7	GET	undefined	/misha.json
20231017	19:40:19	545157ff-96c4-4453-b608-c87838aaf025	GET	undefined	/css/style.css
20231017	19:40:26	150c96b8-4330-4a5f-aab7-26bf2690ee16	GET	undefined	/subdir
20231017	19:40:32	8c748137-cec4-4f0b-9476-da7a34865986	GET	undefined	/subdir/test
20231017	19:41:51	d2e97372-5c1d-4259-be7e-61fcfc8e1cc4	GET	undefined	/subdir/test/fasd
20231017	19:41:51	b2ed4307-3a72-46ec-b7f1-da6711a2be6f	GET	undefined	/subdir/test/css/style.css
20231017	19:42:34	3389c00a-0154-465f-9bb9-da216aaae6ef	GET	undefined	/subdir/test/fasd
20231017	19:42:34	34dff560-2d93-499d-a796-68f405384c66	GET	undefined	/subdir/test/css/style.css
20231017	19:43:24	93f4257c-a79d-473f-a8d5-f3118f4e7cd5	GET	undefined	/subdir/test/fasd
20231017	19:43:24	0f7f797d-de29-47df-bf41-d1ee4f71642f	GET	undefined	/subdir/test/css/style.css
20231017	19:43:25	4df1de9b-1afd-46f9-b8ab-a66199e92895	GET	undefined	/subdir/test/fasd
20231017	19:43:25	d0a17b29-4c4b-40fc-bd58-6d1a84935329	GET	undefined	/subdir/test/css/style.css
20231017	19:43:38	67379469-8e44-4269-9788-bdf3ce820899	GET	undefined	/subdir/test/fasd
20231017	19:43:38	bf019865-8292-4253-9561-31d7cf2ff7e1	GET	undefined	/subdir/test/css/style.css
20231017	19:44:44	91b65452-a7d7-4b3c-8578-3d1a09fb8bad	GET	undefined	/subdir/fasdf
20231017	19:44:44	e164960f-26cf-4696-bf6f-52a38493dc70	GET	undefined	/subdir/css/style.css
20231017	19:49:15	8d553188-4fbb-4490-b2de-852a91754717	GET	undefined	/
20231017	19:49:15	00f69969-2a1f-4f5f-b0f3-09240ada4d39	GET	undefined	/css/style.css
20231017	19:49:54	cca60c96-7c9f-4473-9087-488b02c30c8d	GET	undefined	/
20231017	19:50:04	e90ce449-666f-41a0-abe6-0152c147dc21	GET	undefined	/new-page
20231017	19:50:04	8d3befc7-7159-4b39-b2c1-d8895b67f67b	GET	undefined	/css/style.css
20231017	19:50:04	378d2dae-78d9-4e63-aea3-d9de22c20588	GET	undefined	/img/img1.jpg
20231017	19:50:48	3216a402-e524-44dd-88b3-74b7ff140d5a	GET	undefined	/new-page.html
20231017	19:50:48	1709c05f-c33c-4199-8018-b55792234ea6	GET	undefined	/css/style.css
20231017	19:50:48	2d329ccc-5d30-40b8-8e23-235f5aeaa2e4	GET	undefined	/img/img1.jpg
20231017	19:50:58	f5866971-42ce-4c74-98e6-80c37c63d68c	GET	undefined	/index
20231017	20:18:54	4191c0a6-b02c-4e7f-a2c2-0449434e4d01	GET	undefined	/employees
20231017	20:19:57	e9fd1a42-fda8-4061-9643-3440aee6d903	POST	undefined	/employees
20231017	20:20:52	a05751e0-d27f-4d49-9722-213bc51231fa	DELETE	undefined	/employees
20231017	20:27:49	2c1f7a4a-bc4c-4535-962a-1469081894c4	PUT	undefined	/employees
20231017	20:28:16	6e2feb64-8fe1-44fc-8212-c9a6e3130cba	PUT	undefined	/employees
20231017	20:28:17	d36e225a-41e8-4960-b442-6a0a43ad2f73	PUT	undefined	/employees
20231017	20:28:21	d484e122-3fd7-432f-972f-2b7a4272a5d1	PUT	undefined	/employees
20231017	20:28:32	d71e557f-d1ea-41e3-8073-8171ad3375bb	PUT	undefined	/employees
20231017	20:28:48	104301c5-f100-4c4f-8903-3dae57d49fea	PUT	undefined	/employees
20231017	20:29:36	ae0d91f4-56fc-4fe5-9425-32e1c769ea2e	GET	undefined	/employees/1
20231017	20:31:27	34243521-91fc-4532-96b5-06300d2aaec9	GET	undefined	/employees/1
20231017	20:31:30	d6c40910-34d0-462a-8fbd-a59f18207bf7	GET	undefined	/employees/2
20231017	20:37:39	d3d99943-350d-4fac-ad4e-1b49ffd87f6a	GET	undefined	/employees
20231017	20:38:31	8cd23f29-394a-4299-844f-905ad4a66fb1	GET	undefined	/employees
20231017	20:44:27	7e9c614d-c6ab-43f4-aa8e-3f8f086dd0b0	GET	undefined	/employees
20231017	21:04:55	7ac0ef94-49b4-4911-89ee-56ec450c906b	GET	undefined	/employees
20231017	21:05:14	3d35eff3-8854-4594-9883-2ed8e2803447	POST	undefined	/employees
20231017	21:05:30	765c9045-b59e-4b10-9d6d-a698a0ee5e9b	PUT	undefined	/employees
20231017	21:05:59	d7936615-78b9-4ae2-976d-6e273df0754f	DELETE	undefined	/employees
20231017	21:06:07	cc51dfa7-b666-4357-ae25-65d4a85ea8ac	GET	undefined	/employees/2
20231017	21:06:10	73f6258d-7dc8-4e59-b4bf-b9c360a4ca07	GET	undefined	/employees/4
20231017	21:06:13	06a43886-e076-4186-b8a6-e3b3526197fb	GET	undefined	/employees/2
20231017	21:06:16	73611038-85a1-42de-b8d0-58d57c2faa62	GET	undefined	/employees/1
20231028	18:18:37	e98d52fa-2617-472b-b0d4-96b520362d64	GET	undefined	/favicon.ico
20231028	18:21:39	e9fe1442-0af0-4040-bab4-453a890a8355	POST	undefined	/register
20231028	18:21:48	2f4a6574-343a-409e-a82c-43170a2f1ffc	POST	undefined	/register
20231028	18:22:31	059c2c45-d9e7-4a08-bbab-6359e7e8917d	POST	undefined	/register
20231028	18:25:09	c9847550-5072-441f-bab0-c087a150e623	POST	undefined	/register
20231028	18:25:39	0df70714-8bd1-4983-9ea0-62074ff50851	POST	undefined	/register
20231028	18:26:03	e7fa64f8-36da-4379-8b96-ff9dca3bb8f0	POST	undefined	/register
20231028	18:26:29	b4561767-a388-4bdb-a13c-0d193542264f	POST	undefined	/register
20231028	18:26:48	20f73d39-3875-4698-acd9-3645091849fc	POST	undefined	/register
20231028	18:27:10	547ad4fe-0b87-4e9f-8bc0-0e7429549fe7	POST	undefined	/register
20231028	18:27:18	06587ce6-a312-464a-8eba-9be99e52a23b	POST	undefined	/register
20231028	18:28:12	4f761ea7-ae71-4dd4-ba73-dee78df7c89a	POST	undefined	/register
20231028	18:28:15	6a661a50-e785-4879-b933-b5b18040c4c7	POST	undefined	/register
20231028	18:35:17	8a4e2dd9-760c-4e25-b7e1-b2a0a3848ed0	POST	undefined	/auth
20231028	18:36:25	cdbd9a70-6bd5-4478-9864-35c934c63f00	POST	undefined	/auth
20231028	18:36:28	b4ab7cc6-86a5-4bfd-b5b8-3a1027198cf0	POST	undefined	/auth
20231028	19:00:32	f52e507e-df1e-4ec7-bbfc-e639d9abbe62	POST	undefined	/auth
20231028	19:00:39	5d9e3ce1-66b2-4928-af94-49649bd68a77	POST	undefined	/auth
20231028	19:02:04	65b66b3a-3470-494c-8ab9-aeff1ebbd009	POST	undefined	/auth
20231028	19:09:57	cbc0124c-85a7-466f-b77e-783e049a09af	POST	undefined	/auth
20231028	19:12:41	b29aa87f-bb9f-4bfd-96c3-557f74506b4e	POST	undefined	/auth
20231028	19:13:04	0f43f530-aca0-406e-842c-a99f8b3030de	POST	undefined	/auth
20231028	19:13:13	8efbf6f1-3f76-4bef-86be-cb0496e42529	POST	undefined	/auth
20231028	19:22:56	344d0a95-4106-40b8-9553-94f3086a9c54	POST	undefined	/auth
20231028	19:23:19	b31bb3aa-002a-46c7-8ae9-dc29b230cefc	POST	undefined	/auth
20231028	19:24:11	c37787fe-d4e0-48f1-99ee-e80947947341	POST	undefined	/auth
20231028	19:26:51	8a98a00e-5eb9-4a66-91a9-ff4a84e0cdf6	POST	undefined	/auth
20231028	19:34:37	ee85103f-423e-4fa4-a192-e9c9cb2b7cbc	POST	undefined	/auth
20231028	19:40:19	352bc20d-3cd2-4b58-83b2-4ac85eb0eefb	POST	undefined	/auth
20231028	19:43:40	819b20a3-d64c-48a3-9838-f56b88caa6d2	POST	undefined	/auth
20231028	19:44:15	0fbde92e-58b5-43f5-8acc-be01927a6aa9	POST	undefined	/auth
20231028	19:45:21	525cb1de-0636-45ce-88b3-85233320502f	POST	undefined	/auth
20231028	19:45:37	59f4a76e-07f6-4434-a11f-44e4e36c8314	POST	undefined	/auth
20231028	19:46:14	b7fde9e7-f1b9-414d-82e0-88adba3833c8	POST	undefined	/auth
20231101	19:55:13	d5f476c3-55e4-4da0-b682-3f039f971741	GET	undefined	/favicon.ico
20231101	19:55:36	83bd1c73-2151-49d5-bf10-0359b1150397	POST	undefined	/auth
20231101	19:56:03	5d12ce94-ab7f-451b-982e-718a0f3f31bf	POST	undefined	/auth
20231101	19:56:30	b4f69955-1f04-4392-8a5b-15ec24a36ff9	POST	undefined	/auth
20231101	19:57:14	ff868e57-0006-438b-bcf3-6a6c18fe9f09	POST	undefined	/auth
20231101	19:57:32	4bf4df4d-dd37-4005-bfee-07e0260120a6	POST	undefined	/auth
20231101	20:04:52	0cb603fb-4449-4385-9796-69176490d87b	DELETE	undefined	/employees
20231101	20:05:09	ff03b082-3de2-4063-9ed5-8cbd56723ce7	GET	undefined	/employees
20231101	20:05:15	2dee7d95-13a8-43a1-8840-e8501a7b5fa5	GET	undefined	/employees
20231101	20:05:58	c05ed747-b0d0-4ff8-a49e-865b23af5d29	GET	undefined	/employees
20231101	20:06:13	1d3ba266-8f7a-4bc6-9e81-81574665914e	GET	undefined	/employees
20231101	20:06:13	6805f916-dd65-49b6-b32c-d3943668ea60	GET	undefined	/employees
20231101	20:11:27	127e393a-3f2a-4e24-be23-21a270ff974e	POST	undefined	/auth
20231101	20:11:33	7030a2c5-596f-4777-92a2-99ba1346e24d	GET	undefined	/employees
20231101	20:11:34	d7b81503-10b6-4b0e-bfc9-44b1568c3d2e	GET	undefined	/employees
20231101	20:11:35	2b09f36e-80e2-4664-8793-706957afa23f	GET	undefined	/employees
20231101	20:11:36	1eb89e8c-9b1f-4e80-b24d-295ef9052923	GET	undefined	/employees
20231101	20:11:36	41423c22-632e-44eb-9062-f3fc5fa8685d	GET	undefined	/employees
20231101	20:11:36	f9711d0d-0077-44b4-8b8d-52ddad731376	GET	undefined	/employees
20231101	20:11:37	ec889cdb-59a0-4ab5-96f5-5f192fa92367	GET	undefined	/employees
20231101	20:11:37	f86cbe85-3c9e-4d33-be1b-d2baf2848f65	GET	undefined	/employees
20231101	20:11:38	31b27602-4cf4-43bb-8966-d46b06360647	GET	undefined	/employees
20231101	20:11:39	7f7a3d3c-8875-4123-88ae-9c2fa56b1f3b	GET	undefined	/employees
20231101	20:11:39	5d22afa7-ec6f-46b8-8d92-cd926ef75ce5	GET	undefined	/employees
20231101	20:11:40	212244f8-050b-4334-bff3-072ea5c68981	GET	undefined	/employees
20231101	20:11:40	8f8e3c3c-9168-4bfd-93be-4cd8147b3ff1	GET	undefined	/employees
20231101	20:11:41	e6526597-dfe3-4523-b690-6304434ab71b	GET	undefined	/employees
20231101	20:11:43	234c74d1-606c-4a41-97fe-a1b1711f2504	GET	undefined	/employees
20231101	20:11:43	f7fd5961-4455-4fcc-ada0-8dca83f79242	GET	undefined	/employees
20231101	20:11:46	6b36b8b9-d809-4d5a-a069-4c895ca8b743	GET	undefined	/employees
20231101	20:11:46	986ca33f-8ade-418d-9bf4-b4272e9b8a0b	GET	undefined	/employees
20231101	20:12:28	4ff3dc29-f05e-4cd6-83d3-6c0ff6fd43cd	GET	undefined	/employees
20231101	20:12:29	62ab0be9-ed9b-4b6a-88e7-41a6cfea9c37	GET	undefined	/employees
20231101	20:12:29	bb8a2c81-fb2b-458f-bc3d-a7d22aa4f9c1	GET	undefined	/employees
20231101	20:13:46	c0d34864-e194-410b-b0e0-f2978562921b	POST	undefined	/auth
20231101	20:13:49	2b321a52-e7f1-4e97-950d-dcf76174cf50	GET	undefined	/employees
20231101	20:13:50	b9e6c732-034e-4749-bae4-fc43f9c544f9	GET	undefined	/employees
20231101	20:13:56	0905fb0c-5cc0-43ed-b570-1e3443f86974	GET	undefined	/employees
20231101	20:13:59	49a90721-6d02-4c63-a2b0-129f7eee2db7	GET	undefined	/employees
20231101	20:15:29	ea0ddfd1-4e92-4659-b48b-524474b85239	GET	undefined	/employees
20231101	20:26:14	ddc6d490-ecb6-42af-a346-cfb4fea02808	POST	undefined	/auth
20231101	20:26:42	dd834493-0a56-477e-9234-80c789bccb18	GET	undefined	/refresh
20231101	20:27:15	face957c-cb10-45f1-8769-d383e9e2f0df	GET	undefined	/refresh
20231101	20:27:16	9e1ac265-9868-436f-827c-1fd783541cf0	GET	undefined	/refresh
20231101	20:27:50	5645df7d-6e1f-4f4e-b189-6d49fa389632	POST	undefined	/auth
20231101	20:27:52	3e79ce72-6304-41d2-a7ba-69ef4c4293a7	GET	undefined	/refresh
20231101	20:27:55	02c68056-a0a7-4550-9e9d-b153f31f6c1c	GET	undefined	/refresh
20231101	20:27:56	10d79586-f22d-406f-a6bb-3564e0523902	GET	undefined	/refresh
20231101	20:27:56	98f782ca-5072-45d2-8af0-f6e18350e3b1	GET	undefined	/refresh
20231101	20:27:57	a5a25051-d491-4f4a-af80-ae7b734f8737	GET	undefined	/refresh
20231101	20:27:57	a7506967-9890-4ebf-bebf-644aecc5d190	GET	undefined	/refresh
20231101	20:27:57	af473df4-563f-4a65-a254-f707e381685b	GET	undefined	/refresh
20231101	20:27:57	9f4314f6-147c-42cb-9382-5f9ef9541b89	GET	undefined	/refresh
20231101	20:27:57	a6fc4695-abbd-4733-b545-58a030280102	GET	undefined	/refresh
20231101	20:27:58	f95b407d-da29-432e-93cc-8cdb5096286c	GET	undefined	/refresh
20231101	20:27:58	d9ab9957-13b0-4551-b0b1-1aed9155918d	GET	undefined	/refresh
20231101	20:27:58	9d3108f0-781e-4920-b201-44bbcf2396e3	GET	undefined	/refresh
20231101	20:27:58	2d203701-6683-4236-80e4-5aaa6dcba75b	GET	undefined	/refresh
20231101	20:27:58	312d1583-795c-43b9-b5df-2022b17576e3	GET	undefined	/refresh
20231101	20:27:59	036f71bf-f663-43cb-96e4-304f84ddad17	GET	undefined	/refresh
20231101	20:27:59	ac5d6042-c6e0-45c6-afd0-6956687a6e11	GET	undefined	/refresh
20231101	20:28:00	4def2053-2f47-4d06-8dd9-deddcdc285db	POST	undefined	/auth
20231101	20:28:03	dc818170-9e25-4eca-bf9a-dc5ff3fc290e	GET	undefined	/refresh
20231101	20:28:04	43bf9615-e105-402b-b9b6-5c39d9fe58a9	GET	undefined	/refresh
20231101	20:39:26	3e2ec943-7b69-4793-8d51-5abea0d1d57d	POST	undefined	/auth
20231101	20:39:34	f4e7db17-5f8d-4165-b3e3-8baeae388894	POST	undefined	/auth
20231101	20:40:33	a2a7c35e-a546-4a1b-9f67-2f5e9b7db21a	GET	undefined	/logout
20231101	20:41:47	e1d3a2da-e077-4972-99e1-e8b20d1cd5d6	GET	undefined	/logout
20231101	20:42:18	74a59ea8-4980-4e6b-97f9-122ee4189886	GET	undefined	/logout
20231101	20:45:30	39a1ac90-b847-4bee-b1db-2078ea4d7aa7	GET	undefined	/refresh
20231101	20:46:54	7f324ecc-6090-4bdc-83b5-ba54c93719fd	GET	undefined	/refresh
20231101	20:47:06	04a7aa3d-965f-49fe-aaea-ff9c0c7674cd	POST	undefined	/auth
20231101	21:14:49	12a3eb41-10ab-4828-9f0b-3f2b091da4af	POST	undefined	/auth
20231101	21:16:00	747485f7-134a-410e-b542-faea3bbb435e	POST	undefined	/auth
20231101	21:16:23	b577332c-8001-4fc8-bf95-afe2673c04e5	GET	undefined	/employees
20231101	21:16:38	df3a8c32-a1f2-4cdc-b4f4-9bae6d08c2f1	POST	undefined	/employees
20231101	21:17:09	61968938-c5e9-45a4-b4d5-8650380b0fcf	POST	undefined	/auth
20231101	21:17:14	62f77041-d25d-4ef4-ba3b-1acb6068b61c	POST	undefined	/employees
20231101	21:18:43	85758665-5bfa-4470-87f8-7b1a84480cfc	POST	undefined	/employees
20231101	21:20:00	c3bd00c4-3d1c-41f0-b291-199fa62669b7	POST	undefined	/employees
20231101	21:20:03	ea13281a-1149-45c4-9594-5e4fa870fa9a	GET	undefined	/employees
20231101	21:20:07	cf91b404-8d7d-448a-ab97-ef90d08ea560	POST	undefined	/auth
20231101	21:20:12	7dd657a2-4680-45a2-9a4c-710961755df9	GET	undefined	/employees
20231101	21:20:15	d7a77d0c-6114-4ce5-9abe-78a138fb1e6f	POST	undefined	/employees
20231101	21:20:39	f935644e-3f08-47cc-a62c-86e71ffcf9cb	POST	undefined	/employees
20231101	21:20:43	404bb9e7-cf07-4764-9e90-1dac4d980b42	POST	undefined	/auth
20231101	21:20:47	f494c175-0620-4c9b-a9ed-4db43357a583	POST	undefined	/employees
20231101	21:21:00	9d1d4676-ad42-4d62-98aa-19d1812201c3	POST	undefined	/employees
20231101	21:21:13	05fcdfae-f282-421b-aef1-b3b7f4562243	POST	undefined	/employees
20231101	21:21:24	19d10c84-83c6-41aa-b406-382ff0f12e13	POST	undefined	/auth
20231101	21:21:29	cca6549c-37c0-471f-9717-0254d456eec5	POST	undefined	/employees
20231101	21:23:32	a56e5542-a782-4fc5-9742-1ec197743b8e	POST	undefined	/auth
20231101	21:23:40	20aa157b-d0b7-4af6-ac7b-1fa46c49c429	POST	undefined	/employees
20231101	21:24:01	be3474fd-032b-4699-978f-14caa812739a	POST	undefined	/auth
20231101	21:24:07	d7aed2a4-9b34-47ae-b73e-c0d1127b0ac9	POST	undefined	/employees
20231101	21:27:06	f50b1421-9290-4784-85b9-d879355858c9	POST	undefined	/auth
20231101	21:27:14	fa617cdd-0bf5-4836-a839-3122b548291c	POST	undefined	/employees
20231101	21:28:30	bc7182b1-e8fa-4610-9710-29f53ec9898b	POST	undefined	/employees
20231101	21:29:18	34164161-6963-45b3-8f49-e2ee8576a173	POST	undefined	/auth
20231101	21:29:28	a50f20ae-0104-4a72-83fa-aa40578fbc25	DELETE	undefined	/employees
20231101	21:30:00	d2567368-9e2c-43e4-a073-cdefb209feb1	POST	undefined	/auth
20231101	21:30:06	c27f470c-841b-43c4-ab6a-f2cfeedbb4b4	DELETE	undefined	/employees
20231101	21:30:26	e7a20355-bd55-413e-8f1d-f4f9f87121c0	DELETE	undefined	/employees
20231101	21:30:31	a1a6d8be-211a-498b-98b8-5d48c306626f	DELETE	undefined	/employees
20231101	21:30:36	574d4707-7ebe-453f-89a2-a723bd645608	POST	undefined	/auth
20231101	21:30:43	c3958e30-e8ba-4f28-88da-a179fe659e77	DELETE	undefined	/employees
20231105	12:24:31	b0679ec0-d9f7-4719-baf1-4ae3383ba2c7	POST	undefined	/register
20231105	12:24:55	8cabe66d-3fa0-4893-834a-424ca3a2581c	POST	undefined	/register
20231105	12:25:07	b3407729-460a-474b-822f-8d148bf158ae	POST	undefined	/register
20231105	13:10:08	9d9e5d14-301e-4cc8-9d51-39d050ba9141	POST	undefined	/register
20231105	13:11:47	7976c612-d0cd-4039-9419-397d6e4015f3	POST	undefined	/auth
20231105	13:11:59	4730b480-a660-4923-9c1b-e9340d0a9b85	GET	undefined	/employees
20231105	13:13:02	92634420-6226-4f85-a5ab-164cc398d01d	POST	undefined	/employees
20231105	13:13:32	dc12287c-5ff3-414a-ab5d-f3fbb19bff85	POST	undefined	/auth
20231105	13:13:37	d918a7a9-6763-466a-895c-a1e4110dfc68	GET	undefined	/employees
20231105	13:15:53	6887fc68-add8-496a-9983-49ac9688f3a7	POST	undefined	/employees
20231105	13:16:39	081345a9-b215-4513-9531-bdb348a775f1	POST	undefined	/auth
20231105	13:16:45	9435c55d-6dec-44eb-bd45-e62fffb1ed29	GET	undefined	/employees
20231105	13:17:02	e36b47d5-a7ce-4143-8a48-63293c50d472	GET	undefined	/employees
20231105	13:18:51	a36ec16c-eb51-4ff4-926a-c758a56dc969	POST	undefined	/employees
20231105	13:18:53	a9a6e027-8482-43d4-bc76-57b7f2aaeff0	POST	undefined	/employees
20231105	13:19:58	6d87f311-42bc-41a8-ba8d-1f9f33543968	POST	undefined	/auth
20231105	13:20:03	f4e9538c-26c3-4aa8-b053-df49b627fae2	POST	undefined	/employees
20231105	13:20:04	a8d5a5c2-f52b-4d7e-9f0c-8962068c634d	POST	undefined	/employees
20231105	13:20:34	6b2a29e1-9cc6-4bb3-a870-99a06bd0514b	GET	undefined	/employees
20231105	13:20:35	7f2f29b8-a2cf-4064-825c-f6e8f07d1ffd	GET	undefined	/employees
20231105	13:21:31	021b893d-b537-4fff-8166-65b9cb8b630d	GET	undefined	/employees
20231105	13:21:32	01525e22-51b7-42de-8f63-5c7d40f2929d	GET	undefined	/employees
20231105	13:25:02	bd7e8f31-2165-4f13-8c99-335887b61035	GET	undefined	/employees
20231105	13:25:03	55f8301f-d8e3-4531-9425-328fe13500e7	GET	undefined	/employees
20231105	13:25:04	a6bdf51e-c18b-43aa-972c-60e07dc87d62	POST	undefined	/employees
20231105	13:25:05	7126a8d7-4a9d-4d5b-8e8a-1c0076739aa1	POST	undefined	/employees
20231105	13:25:05	57ea6076-4d8c-47d2-b0f6-6886a43bb156	POST	undefined	/employees
20231105	13:25:38	5e5db80c-9c3d-40d3-bf8c-2e70930ec805	GET	undefined	/logout
20231105	13:25:57	5314daf8-311e-4dac-a4ef-91d9fde30d42	GET	undefined	/employees
20231105	13:25:58	9ce5bb9b-e9d8-4280-8c50-f85b67b75ff7	GET	undefined	/employees
20231105	13:25:59	dfb38d95-4c5d-4c3e-87fc-9d05b2be51fd	GET	undefined	/employees
20231105	13:28:27	4154eb2a-25ee-43a5-8bf1-c4e123d06c15	POST	undefined	/employees
20231105	13:28:29	5a034121-b267-4de5-a1a9-74ad46b21890	POST	undefined	/employees
20231105	13:28:31	e5ff3b89-55c4-47b8-95e8-85f912fc2948	GET	undefined	/employees
20231105	13:28:32	d8a56046-53ee-4e0a-ba03-ae3ac6396e0e	GET	undefined	/employees
20231105	13:30:05	3a8c5962-5641-48d4-9e4a-00d6a54c503b	POST	undefined	/employees
20231105	13:30:15	188f1ccb-1e31-48c4-a3d4-afb41c7f67ef	POST	undefined	/auth
20231105	13:30:18	5ac0750c-875c-4e0c-abd1-3ea21a6bbfa7	POST	undefined	/employees
20231105	13:30:25	c77f763c-6254-4e8c-9668-40acf42a3951	GET	undefined	/employees
20231105	13:30:29	b56822f8-de66-4042-958d-fbe236e0ea10	POST	undefined	/register
20231105	13:30:35	27f4331b-5e26-483c-939b-697ed6bb6ba0	POST	undefined	/auth
20231105	13:31:00	402bd3c0-bfe0-4fc2-a685-8a7dbb5b9355	POST	undefined	/employees
20231105	13:31:15	32e8971c-3f2b-4c5f-8c49-2038e21e5b1f	GET	undefined	/employees
20231105	13:32:22	63cf9443-90c6-4eb2-ad1c-a7573bcbfc9d	GET	undefined	/employees
20231105	13:33:41	90d2f3ff-3883-459f-834e-e8bd4cfa3d7f	GET	undefined	/employees
20231105	13:33:58	a8919532-5c7c-4cb8-8b45-0683d85f63b4	GET	undefined	/employees
20231105	13:35:20	3f40a03e-e81a-4f3e-815a-e30c3086b730	GET	undefined	/employees
20231105	13:35:39	d6f1abb7-6bb2-4a4a-955f-129e948a83a5	GET	undefined	/employees
20231105	13:37:09	5b5716fe-2aa9-467a-8bcd-b8eeb6ac3ec6	GET	undefined	/employees
20231105	13:37:39	b945ae6e-fb05-461b-bf60-12c430530a23	GET	undefined	/employees
20231105	13:38:25	c20db307-9ed7-4017-9407-12f86e56538d	GET	undefined	/employees
20231105	13:38:58	c5ad6e37-5b36-4443-b17e-989ed1ff1305	GET	undefined	/employees
20231105	13:39:41	d081f455-e079-450e-b884-0cf3640b8e0c	GET	undefined	/employees
20231105	13:40:01	37ad8261-9e96-4eed-b329-8692714819aa	GET	undefined	/employees
20231105	13:41:19	395df6b3-e714-46e4-9dd6-2f934d21d600	GET	undefined	/employees
20231105	13:41:32	94792c35-81cf-42b4-83c9-269cf4490607	GET	undefined	/employees
20231105	13:42:48	ca806cd3-237d-4184-b14b-dc0379e23574	GET	undefined	/employees
20231105	13:43:01	7e52259f-99b7-4088-bd4a-ffd8053ab23a	POST	undefined	/employees
20231105	13:43:09	26ddf3fe-a937-4388-842c-0781097a657f	GET	undefined	/employees
20231105	13:43:16	0b2e746b-e068-4d09-9fec-796587b6d9a3	POST	undefined	/employees
20231105	13:43:17	90cfdae9-9f63-486e-b6ce-71fac3aee9b1	POST	undefined	/employees
20231105	13:44:21	bc5eb79b-9d9f-495c-a3df-26d717614637	POST	undefined	/employees
20231105	13:44:22	a218af43-cf45-4b30-ae9b-97ab11bc8e92	POST	undefined	/employees
20231105	13:44:22	c8d321cb-ab2f-4fc6-8063-14a979aaf5dc	POST	undefined	/employees
20231105	13:44:24	d44a7b20-555e-4898-bd1a-10ae4edc28d6	POST	undefined	/auth
20231105	13:44:31	3142bd6a-2056-4218-a792-ea8cdb77b766	POST	undefined	/auth
20231105	13:44:43	922a7398-5e04-4214-9016-08d1701758a8	POST	undefined	/employees
20231105	13:44:51	8e2f049d-6b82-4f02-b139-a436d31d3161	POST	undefined	/employees
20231105	13:44:57	bae813cc-f54f-4d83-b338-88f1e2b8fefb	GET	undefined	/employees
20231105	13:45:49	5de898dc-c593-439e-a446-eab9f27c7c60	PUT	undefined	/employees
20231105	13:45:57	3e3a2c68-14b4-4ebb-9a17-6f73f22e4f13	PUT	undefined	/employees
20231105	13:46:03	358274f7-0dc1-485e-bcee-bbc85fb949b1	GET	undefined	/employees
20231105	13:46:11	1dcf4f2e-c0ad-4c51-bbe4-f2cbec8525fd	PUT	undefined	/employees
20231105	13:47:07	01e9426d-30ea-4973-83f6-a86bb7097cfe	PUT	undefined	/employees
20231105	13:47:39	59ce353f-b4ff-4238-9f85-2f789c87bb85	PUT	undefined	/employees
20231105	13:48:17	f414dd95-7326-4404-87eb-85370e5565f9	PUT	undefined	/employees
20231105	13:48:56	7bb9e837-ea1d-42ff-ad4e-70c64fb63034	POST	undefined	/auth
20231105	13:49:01	0c56d043-541d-4db1-b52a-035a44ac8b4d	PUT	undefined	/employees
20231105	13:51:18	bcbab963-922c-48b4-8551-581701ce61fa	PUT	undefined	/employees
20231105	13:51:40	6fb526e4-dd8d-4ceb-ab70-3b5f9c370d2e	PUT	undefined	/employees
20231105	13:51:56	ecd1e976-89c2-4375-ad56-d4d56991976a	PUT	undefined	/employees
20231105	13:52:23	a70976d6-1b89-4448-9811-4861de37601b	GET	undefined	/employees
20231105	13:52:27	5d60b230-4b39-4738-beb4-f1330f6e96d6	GET	undefined	/employees
20231105	13:53:02	f2e53481-aab9-4bec-a2cd-8c9205584348	PUT	undefined	/employees
20231105	13:53:22	41d66fea-4763-4870-aec9-79bc81b476a6	PUT	undefined	/employees
20231105	13:54:39	860cf5bb-7705-40dd-9186-88b9bb3ed194	GET	undefined	/logout
20231105	13:54:43	c3b36c69-6e21-488f-89d9-e10bfc24fe4d	GET	undefined	/employees
20231105	13:54:44	7cb7429b-b9cb-4d76-8175-2b821f748985	GET	undefined	/employees
20231105	13:54:52	7906605e-b06a-4e02-8084-72a77a0ea8f5	GET	undefined	/employees
20231105	13:54:53	2635338d-f161-45e6-833f-ad17d0b55460	GET	undefined	/employees
20231105	13:54:56	12f9205e-b302-4982-8620-ad246dc0fd85	GET	undefined	/employees
20231105	13:54:57	15971e61-5fee-4369-a13d-1017da6e5fec	GET	undefined	/employees
20231105	13:55:03	2df01544-d365-4db5-8dd3-6758da967cc2	PUT	undefined	/employees
20231105	13:55:03	f8e2eaee-328b-42ab-9392-8826d0a884d8	PUT	undefined	/employees
20231105	13:56:44	f8d471c4-7d94-4807-b4ea-9943eafbbf8c	PUT	undefined	/employees
20231105	13:57:01	3862528f-6bab-4088-a47e-844546996ce2	POST	undefined	/auth
20231105	13:57:11	3352289d-769f-4fd1-a829-a0cb6529d34e	PUT	undefined	/employees
20231105	13:57:50	f810d6ac-a982-4463-81bb-efede47153f0	PUT	undefined	/employees
20231105	13:58:04	fc3fe70b-2b9d-4786-855f-8b1449aea1e6	PUT	undefined	/employees
20231105	13:59:04	a011e011-26c8-44aa-84bc-72a20ee269c1	PUT	undefined	/employees
20231105	14:14:14	67bfa118-634b-4207-9de2-fabc4d3caaba	PUT	undefined	/employees
20231105	14:14:27	39eb25c6-926b-4036-9250-a050c31ff399	GET	undefined	/employees
20231105	14:15:01	cef001e6-9a50-41b0-bb63-fe44cd2d40a1	PUT	undefined	/employees
20231105	14:15:35	d377dddc-030a-4b26-927c-24a27aebd178	PUT	undefined	/employees
20231105	14:16:18	222c2647-21ba-4adf-b5fe-9ece09aec671	PUT	undefined	/employees
20231105	14:16:43	3786a5d1-1b9a-4a6e-859d-d454f915bea9	PUT	undefined	/employees
20231105	14:16:54	cab4c80a-4dac-4c43-9ca8-d96cee6988dc	PUT	undefined	/employees
20231105	14:18:17	a08777de-706d-4dea-89ea-5c67346863de	GET	undefined	/employees/65478033e7163a18ac050a86
20231105	14:18:26	ba878905-4dc9-440e-bec5-5dc50a68d1da	GET	undefined	/employees/65478033e7163a18ac050a86
20231105	14:18:40	8be0d28c-bb28-43da-a226-9d66d2d49769	GET	undefined	/refresh
20231105	14:18:45	9c6466c0-fca9-456e-9f56-0f78b8b54a0f	GET	undefined	/employees/65478033e7163a18ac050a86
20231105	14:19:29	beaf7598-dafb-4d28-bc8c-7e1b663fb8bc	DELETE	undefined	/employees
20231105	14:25:49	37ace809-ec94-4a5b-b4a2-d48a66a6e8c1	POST	undefined	/auth
20231105	14:25:52	3306c896-2d35-44c2-b303-69b6cfd33183	GET	undefined	/logout
20231105	14:25:59	4c7b687c-bc48-42e5-b5d5-5dceb81dbcf7	POST	undefined	/employees
20231105	14:26:20	4a9164b7-d4e9-432a-b6da-1f9eb382a3cd	DELETE	undefined	/employees
20231105	14:26:26	0d0d467b-1a53-49fa-ad30-21d202b959a9	DELETE	undefined	/employees
20231105	14:26:37	bff17f0f-f240-41a8-8a9a-c0ca01e302eb	DELETE	undefined	/employees
20231105	14:26:43	3c20705d-40f6-470b-b84b-3a87ce01cfa9	DELETE	undefined	/employees
20231105	14:26:46	a70b59da-bf01-422b-91ba-21347e29d99e	DELETE	undefined	/employees
20231105	14:26:52	82a56e9e-fd30-4f46-80db-acf7d0987859	GET	undefined	/employees
20231105	14:26:53	baf2119e-3bf8-4c60-9caa-3c108af65695	GET	undefined	/employees
20231105	14:27:01	c6ba95f2-9d36-4d30-8edf-60382cbdc098	GET	undefined	/employees
20231105	14:27:11	8389d854-a2a3-4f54-a330-f784196d1d75	GET	undefined	/refresh
20231105	14:27:12	e48c86d4-2f7e-4dae-b287-f682a6c429a7	GET	undefined	/refresh
20231105	14:27:16	6d9823c5-d11c-4503-914d-23d4dee670cb	POST	undefined	/auth
20231105	14:27:19	f632c107-148e-4284-80d1-ad8af63c7088	GET	undefined	/refresh
